<?xml version="1.0" encoding="UTF-8"?>
<!-- Generated by org.testng.reporters.JUnitXMLReporter -->
<testsuite ignored="0" hostname="DESKTOP-74B2U81" failures="0" tests="5" name="Default test" time="0.076" errors="0" timestamp="13 Oct 2024 06:36:24 GMT">
  <testcase classname="testng.grouptest" name="testAccessDashboard" time="0.027"/>
  <testcase classname="testng.grouptest" name="testInvalidLogin" time="0.002"/>
  <testcase classname="testng.grouptest" name="testUpdateProfile" time="0.003"/>
  <testcase classname="testng.grouptest" name="testValidLogin" time="0.001"/>
  <testcase classname="testng.grouptest" name="testViewProfile" time="0.003"/>
</testsuite> <!-- Default test -->
