<?xml version="1.0" encoding="UTF-8"?>
<testng-results ignored="0" total="1" passed="1" failed="0" skipped="0">
  <reporter-output>
  </reporter-output>
  <suite started-at="2024-09-28T05:19:17Z" name="Default suite" finished-at="2024-09-28T05:19:26Z" duration-ms="9272">
    <groups>
    </groups>
    <test started-at="2024-09-28T05:19:17Z" name="Default test" finished-at="2024-09-28T05:19:26Z" duration-ms="9272">
      <class name="com.Logintest">
        <test-method signature="test()[pri:0, instance:com.Logintest@7164ca4c]" started-at="2024-09-28T10:49:17Z" name="test" finished-at="2024-09-28T10:49:26Z" duration-ms="9232" status="PASS">
          <reporter-output>
          </reporter-output>
        </test-method> <!-- test -->
      </class> <!-- com.Logintest -->
    </test> <!-- Default test -->
  </suite> <!-- Default suite -->
</testng-results>
