<?xml version="1.0" encoding="UTF-8"?>
<!-- Generated by org.testng.reporters.JUnitXMLReporter -->
<testsuite ignored="3" hostname="DESKTOP-74B2U81" failures="0" tests="2" name="sanity" time="0.059" errors="0" timestamp="16 Sept 2024 06:05:27 GMT">
  <testcase classname="basic.payment" name="debitCard" time="0.022"/>
  <testcase classname="basic.account" name="savingaccount" time="0.003"/>
  <testcase classname="basic.account" name="loanaccount" time="0.0">
    <ignored/>
  </testcase> <!-- loanaccount -->
  <testcase classname="basic.account" name="currentaccount" time="0.0">
    <ignored/>
  </testcase> <!-- currentaccount -->
  <testcase classname="basic.payment" name="creditrcard" time="0.0">
    <ignored/>
  </testcase> <!-- creditrcard -->
</testsuite> <!-- sanity -->
