<?xml version="1.0" encoding="UTF-8"?>
<!-- Generated by org.testng.reporters.JUnitXMLReporter -->
<testsuite ignored="0" hostname="DESKTOP-74B2U81" failures="0" tests="5" name="Test1" time="0.026" errors="0" timestamp="17 Sept 2024 12:15:19 GMT">
  <testcase classname="basic.payment" name="creditrcard" time="0.002"/>
  <testcase classname="basic.payment" name="debitCard" time="0.002"/>
  <testcase classname="basic.account" name="currentaccount" time="0.003"/>
  <testcase classname="basic.account" name="loanaccount" time="0.002"/>
  <testcase classname="basic.account" name="savingaccount" time="0.002"/>
</testsuite> <!-- Test1 -->
