<?xml version="1.0" encoding="UTF-8"?>
<!-- Generated by org.testng.reporters.JUnitXMLReporter -->
<testsuite ignored="0" hostname="DESKTOP-74B2U81" failures="0" tests="5" name="Test2" time="0.022" errors="0" timestamp="13 Sept 2024 10:04:47 GMT">
  <testcase classname="basic.payment" name="creditrcard" time="0.004"/>
  <testcase classname="basic.payment" name="debitCard" time="0.001"/>
  <testcase classname="basic.account" name="currentaccount" time="0.001"/>
  <testcase classname="basic.account" name="loanaccount" time="0.001"/>
  <testcase classname="basic.account" name="savingaccount" time="0.002"/>
</testsuite> <!-- Test2 -->
